<?xml version="1.0" encoding="UTF-8" standalone="no"?><testsuite errors="0" failures="2" name="As a user, I want to log in to OpenCart to check different functionalities" skipped="0" tests="3" time="168.55" timestamp="2024-04-05 10:39:31"><testcase name="Test the correct new account registration"/><testcase name="Add orders to cart"><failure message="Expected condition failed: waiting for By.xpath: //*[@id=&quot;input-option226&quot;] to be present (tried for 5 second(s) with 100 milliseconds interval)&#10;Build info: version: '4.17.0', revision: 'e52b1be057*'&#10;System info: os.name: 'Windows 10', os.arch: 'amd64', os.version: '10.0', java.version: '11.0.4'&#10;Driver info: driver.version: unknown" type="net.thucydides.core.webdriver.exceptions.ElementShouldBePresentException">Expected condition failed: waiting for By.xpath: //*[@id="input-option226"] to be present (tried for 5 second(s) with 100 milliseconds interval)
Build info: version: '4.17.0', revision: 'e52b1be057*'
System info: os.name: 'Windows 10', os.arch: 'amd64', os.version: '10.0', java.version: '11.0.4'
Driver info: driver.version: unknown</failure><system-err>Expected condition failed: waiting for By.xpath:
    //*[@id="input-option226"] to be present (tried for 5 second(s) with 100 milliseconds interval)
    Build info: version: '4.17.0', revision: 'e52b1be057*'
    System info: os.name: 'Windows 10', os.arch: 'amd64', os.version: '10.0', java.version: '11.0.4'
    Driver info: driver.version: unknown&#13;
    co.com.choucair.certification.SAUCEDEMO.tasks.Select.performAs(Select.java:30)&#13;
    co.com.certification.SAUCEDEMO.stepdefinitions.SerenityPruebaStepDefinitions.selectTheProductAndAddItToTheCart(SerenityRegisterStepDefinitions.java:54)&#13;
    io.cucumber.java.Invoker.doInvoke(Invoker.java:66)&#13;
    io.cucumber.java.Invoker.invoke(Invoker.java:24)&#13;
    io.cucumber.java.AbstractGlueDefinition.invokeMethod(AbstractGlueDefinition.java:47)&#13;
    io.cucumber.java.JavaStepDefinition.execute(JavaStepDefinition.java:29)&#13;
    io.cucumber.core.runner.CoreStepDefinition.execute(CoreStepDefinition.java:66)&#13;
    io.cucumber.core.runner.PickleStepDefinitionMatch.runStep(PickleStepDefinitionMatch.java:63)&#13;
    io.cucumber.core.runner.TestStep.executeStep(TestStep.java:84)&#13;
    io.cucumber.core.runner.TestStep.run(TestStep.java:56)&#13;
    io.cucumber.core.runner.PickleStepTestStep.run(PickleStepTestStep.java:51)&#13;
    io.cucumber.core.runner.TestCase.run(TestCase.java:84)&#13;
    io.cucumber.core.runner.Runner.runPickle(Runner.java:75)&#13;
    io.cucumber.core.runtime.CucumberExecutionContext.lambda$runTestCase$5(CucumberExecutionContext.java:137)&#13;
    io.cucumber.core.runtime.RethrowingThrowableCollector.executeAndThrow(RethrowingThrowableCollector.java:23)&#13;
    io.cucumber.core.runtime.CucumberExecutionContext.runTestCase(CucumberExecutionContext.java:137)&#13;
    io.cucumber.junit.FeatureRunner.runChild(FeatureRunner.java:144)&#13;
    io.cucumber.junit.FeatureRunner.runChild(FeatureRunner.java:28)&#13;
    io.cucumber.junit.FeatureRunner.run(FeatureRunner.java:137)&#13;
    io.cucumber.junit.CucumberSerenityBaseRunner.runChild(CucumberSerenityBaseRunner.java:330)&#13;
    io.cucumber.junit.CucumberSerenityBaseRunner.runChild(CucumberSerenityBaseRunner.java:51)&#13;
</system-err></testcase><testcase name="i place the order"><failure message="Expected condition failed: waiting for By.id: button-shipping-address to be present (tried for 5 second(s) with 100 milliseconds interval)&#10;Build info: version: '4.17.0', revision: 'e52b1be057*'&#10;System info: os.name: 'Windows 10', os.arch: 'amd64', os.version: '10.0', java.version: '11.0.4'&#10;Driver info: driver.version: unknown" type="net.thucydides.core.webdriver.exceptions.ElementShouldBePresentException">Expected condition failed: waiting for By.id: button-shipping-address to be present (tried for 5 second(s) with 100 milliseconds interval)
Build info: version: '4.17.0', revision: 'e52b1be057*'
System info: os.name: 'Windows 10', os.arch: 'amd64', os.version: '10.0', java.version: '11.0.4'
Driver info: driver.version: unknown</failure><system-err>Expected condition failed: waiting for By.id:
    button-shipping-address to be present (tried for 5 second(s) with 100 milliseconds interval)
    Build info: version: '4.17.0', revision: 'e52b1be057*'
    System info: os.name: 'Windows 10', os.arch: 'amd64', os.version: '10.0', java.version: '11.0.4'
    Driver info: driver.version: unknown&#13;
    co.com.choucair.certification.SAUCEDEMO.tasks.Checkout.performAs(Checkout.java:29)&#13;
    co.com.certification.SAUCEDEMO.stepdefinitions.SerenityPruebaStepDefinitions.verifiedPaymentDetails(SerenityRegisterStepDefinitions.java:68)&#13;
    io.cucumber.java.Invoker.doInvoke(Invoker.java:66)&#13;
    io.cucumber.java.Invoker.invoke(Invoker.java:24)&#13;
    io.cucumber.java.AbstractGlueDefinition.invokeMethod(AbstractGlueDefinition.java:47)&#13;
    io.cucumber.java.JavaStepDefinition.execute(JavaStepDefinition.java:29)&#13;
    io.cucumber.core.runner.CoreStepDefinition.execute(CoreStepDefinition.java:66)&#13;
    io.cucumber.core.runner.PickleStepDefinitionMatch.runStep(PickleStepDefinitionMatch.java:63)&#13;
    io.cucumber.core.runner.TestStep.executeStep(TestStep.java:84)&#13;
    io.cucumber.core.runner.TestStep.run(TestStep.java:56)&#13;
    io.cucumber.core.runner.PickleStepTestStep.run(PickleStepTestStep.java:51)&#13;
    io.cucumber.core.runner.TestCase.run(TestCase.java:84)&#13;
    io.cucumber.core.runner.Runner.runPickle(Runner.java:75)&#13;
    io.cucumber.core.runtime.CucumberExecutionContext.lambda$runTestCase$5(CucumberExecutionContext.java:137)&#13;
    io.cucumber.core.runtime.RethrowingThrowableCollector.executeAndThrow(RethrowingThrowableCollector.java:23)&#13;
    io.cucumber.core.runtime.CucumberExecutionContext.runTestCase(CucumberExecutionContext.java:137)&#13;
    io.cucumber.junit.FeatureRunner.runChild(FeatureRunner.java:144)&#13;
    io.cucumber.junit.FeatureRunner.runChild(FeatureRunner.java:28)&#13;
    io.cucumber.junit.FeatureRunner.run(FeatureRunner.java:137)&#13;
    io.cucumber.junit.CucumberSerenityBaseRunner.runChild(CucumberSerenityBaseRunner.java:330)&#13;
    io.cucumber.junit.CucumberSerenityBaseRunner.runChild(CucumberSerenityBaseRunner.java:51)&#13;
</system-err></testcase></testsuite>